[debug] [2023-03-29T14:20:14.809Z] ----------------------------------------------------------------------
[debug] [2023-03-29T14:20:14.809Z] Command:       /usr/local/bin/node /Users/akse/.npm-global/bin/firebase emulators:start --only functions
[debug] [2023-03-29T14:20:14.810Z] CLI Version:   11.24.1
[debug] [2023-03-29T14:20:14.810Z] Platform:      darwin
[debug] [2023-03-29T14:20:14.810Z] Node Version:  v16.14.2
[debug] [2023-03-29T14:20:14.810Z] Time:          Wed Mar 29 2023 17:20:14 GMT+0300 (GMT+03:00)
[debug] [2023-03-29T14:20:14.811Z] ----------------------------------------------------------------------
[debug] 
[debug] [2023-03-29T14:20:14.848Z] > command requires scopes: ["email","openid","https://www.googleapis.com/auth/cloudplatformprojects.readonly","https://www.googleapis.com/auth/firebase","https://www.googleapis.com/auth/cloud-platform"]
[debug] [2023-03-29T14:20:14.849Z] > authorizing via signed-in user (akserx@gmail.com)
[info] i  emulators: Starting emulators: functions {"metadata":{"emulator":{"name":"hub"},"message":"Starting emulators: functions"}}
[debug] [2023-03-29T14:20:15.297Z] [logging] Logging Emulator only supports listening on one address (127.0.0.1). Not listening on ::1
[debug] [2023-03-29T14:20:15.297Z] assigned listening specs for emulators {"user":{"hub":[{"address":"127.0.0.1","family":"IPv4","port":4400},{"address":"::1","family":"IPv6","port":4400}],"ui":[{"address":"127.0.0.1","family":"IPv4","port":4000},{"address":"::1","family":"IPv6","port":4000}],"logging":[{"address":"127.0.0.1","family":"IPv4","port":4500}]},"metadata":{"message":"assigned listening specs for emulators"}}
[debug] [2023-03-29T14:20:15.301Z] [hub] writing locator at /var/folders/7y/gvs32b154tgd3xjj03pw6w5w0000gn/T/hub-eczane-tracker.json
[debug] [2023-03-29T14:20:15.610Z] [functions] Functions Emulator only supports listening on one address (127.0.0.1). Not listening on ::1
[debug] [2023-03-29T14:20:15.610Z] [eventarc] Eventarc Emulator only supports listening on one address (127.0.0.1). Not listening on ::1
[debug] [2023-03-29T14:20:15.611Z] late-assigned ports for functions and eventarc emulators {"user":{"hub":[{"address":"127.0.0.1","family":"IPv4","port":4400},{"address":"::1","family":"IPv6","port":4400}],"ui":[{"address":"127.0.0.1","family":"IPv4","port":4000},{"address":"::1","family":"IPv6","port":4000}],"logging":[{"address":"127.0.0.1","family":"IPv4","port":4500}],"functions":[{"address":"127.0.0.1","family":"IPv4","port":5001}],"eventarc":[{"address":"127.0.0.1","family":"IPv4","port":9299}]},"metadata":{"message":"late-assigned ports for functions and eventarc emulators"}}
[warn] ⚠  functions: The following emulators are not running, calls to these services from the Functions emulator will affect production: auth, firestore, database, hosting, pubsub, storage {"metadata":{"emulator":{"name":"functions"},"message":"The following emulators are not running, calls to these services from the Functions emulator will affect production: \u001b[1mauth, firestore, database, hosting, pubsub, storage\u001b[22m"}}
[debug] [2023-03-29T14:20:15.616Z] defaultcredentials: writing to file /Users/akse/.config/firebase/akserx_gmail_com_application_default_credentials.json
[debug] [2023-03-29T14:20:15.621Z] Setting GAC to /Users/akse/.config/firebase/akserx_gmail_com_application_default_credentials.json {"metadata":{"emulator":{"name":"functions"},"message":"Setting GAC to /Users/akse/.config/firebase/akserx_gmail_com_application_default_credentials.json"}}
[debug] [2023-03-29T14:20:15.621Z] > refreshing access token with scopes: []
[debug] [2023-03-29T14:20:15.622Z] >>> [apiv2][query] POST https://www.googleapis.com/oauth2/v3/token [none]
[debug] [2023-03-29T14:20:15.622Z] >>> [apiv2][body] POST https://www.googleapis.com/oauth2/v3/token [omitted]
[debug] [2023-03-29T14:20:17.262Z] <<< [apiv2][status] POST https://www.googleapis.com/oauth2/v3/token 200
[debug] [2023-03-29T14:20:17.262Z] <<< [apiv2][body] POST https://www.googleapis.com/oauth2/v3/token [omitted]
[debug] [2023-03-29T14:20:17.283Z] >>> [apiv2][query] GET https://firebase.googleapis.com/v1beta1/projects/eczane-tracker/adminSdkConfig [none]
[debug] [2023-03-29T14:20:17.754Z] <<< [apiv2][status] GET https://firebase.googleapis.com/v1beta1/projects/eczane-tracker/adminSdkConfig 200
[debug] [2023-03-29T14:20:17.755Z] <<< [apiv2][body] GET https://firebase.googleapis.com/v1beta1/projects/eczane-tracker/adminSdkConfig {"projectId":"eczane-tracker","storageBucket":"eczane-tracker.appspot.com"}
[debug] [2023-03-29T14:20:17.792Z] Ignoring unsupported arg: auto_download {"metadata":{"emulator":{"name":"ui"},"message":"Ignoring unsupported arg: auto_download"}}
[debug] [2023-03-29T14:20:17.792Z] Ignoring unsupported arg: port {"metadata":{"emulator":{"name":"ui"},"message":"Ignoring unsupported arg: port"}}
[debug] [2023-03-29T14:20:17.792Z] Starting Emulator UI with command {"binary":"node","args":["/Users/akse/.cache/firebase/emulators/ui-v1.11.4/server/server.js"],"optionalArgs":[],"joinArgs":false} {"metadata":{"emulator":{"name":"ui"},"message":"Starting Emulator UI with command {\"binary\":\"node\",\"args\":[\"/Users/akse/.cache/firebase/emulators/ui-v1.11.4/server/server.js\"],\"optionalArgs\":[],\"joinArgs\":false}"}}
[info] i  ui: Emulator UI logging to ui-debug.log {"metadata":{"emulator":{"name":"ui"},"message":"Emulator UI logging to \u001b[1mui-debug.log\u001b[22m"}}
[debug] [2023-03-29T14:20:17.869Z] Web / API server started at 127.0.0.1:4000
 {"metadata":{"emulator":{"name":"ui"},"message":"Web / API server started at 127.0.0.1:4000\n"}}
[debug] [2023-03-29T14:20:17.869Z] Web / API server started at ::1:4000
 {"metadata":{"emulator":{"name":"ui"},"message":"Web / API server started at ::1:4000\n"}}
[info] i  functions: Watching "/Users/akse/eczane-tracker/functions" for Cloud Functions... {"metadata":{"emulator":{"name":"functions"},"message":"Watching \"/Users/akse/eczane-tracker/functions\" for Cloud Functions..."}}
[debug] [2023-03-29T14:20:18.063Z] Validating nodejs source
[debug] [2023-03-29T14:20:18.757Z] > [functions] package.json contents: {
  "name": "functions",
  "scripts": {
    "build": "tsc",
    "build:watch": "tsc --watch",
    "serve": "npm run build && firebase emulators:start --only functions",
    "shell": "npm run build && firebase functions:shell",
    "start": "npm run shell",
    "deploy": "firebase deploy --only functions",
    "logs": "firebase functions:log"
  },
  "engines": {
    "node": "16"
  },
  "main": "lib/index.js",
  "dependencies": {
    "axios": "^1.3.4",
    "cors": "^2.8.5",
    "dotenv": "^16.0.3",
    "express": "^4.18.2",
    "firebase-admin": "^11.5.0",
    "firebase-functions": "^4.2.0",
    "puppeteer": "16.2.0",
    "ts-node": "^10.9.1"
  },
  "devDependencies": {
    "firebase-functions-test": "^3.0.0",
    "typescript": "^4.9.0"
  },
  "private": true
}
[debug] [2023-03-29T14:20:18.758Z] Building nodejs source
[debug] [2023-03-29T14:20:18.758Z] Failed to find version of module node: reached end of search path /Users/akse/eczane-tracker/functions/node_modules
[info] ✔  functions: Using node@16 from host. 
[debug] [2023-03-29T14:20:18.760Z] Could not find functions.yaml. Must use http discovery
[debug] [2023-03-29T14:20:18.765Z] Found firebase-functions binary at '/Users/akse/eczane-tracker/functions/node_modules/.bin/firebase-functions'
[debug] [2023-03-29T14:20:18.893Z] Serving at port 8958

[debug] [2023-03-29T14:20:19.068Z] Got response from /__/functions.yaml {"endpoints":{"parsePharmacies":{"platform":"gcfv1","availableMemoryMb":null,"timeoutSeconds":null,"minInstances":null,"maxInstances":null,"ingressSettings":null,"serviceAccountEmail":null,"vpc":null,"region":["europe-west1"],"scheduleTrigger":{"schedule":"25 05 * * TUE","retryConfig":{"retryCount":null,"maxDoublings":null,"maxRetryDuration":null,"maxBackoffDuration":null,"minBackoffDuration":null},"timeZone":"Europe/Istanbul"},"labels":{},"entryPoint":"parsePharmacies"},"searchAddressHttps":{"platform":"gcfv1","labels":{},"availableMemoryMb":null,"timeoutSeconds":null,"minInstances":null,"maxInstances":null,"ingressSettings":null,"serviceAccountEmail":null,"vpc":null,"region":["europe-west1"],"callableTrigger":{},"entryPoint":"searchAddressHttps"},"geocodeAddressHttps":{"platform":"gcfv1","labels":{},"availableMemoryMb":null,"timeoutSeconds":null,"minInstances":null,"maxInstances":null,"ingressSettings":null,"serviceAccountEmail":null,"vpc":null,"region":["europe-west1"],"callableTrigger":{},"entryPoint":"geocodeAddressHttps"},"googleApiEndpointHttps":{"platform":"gcfv1","availableMemoryMb":null,"timeoutSeconds":null,"minInstances":null,"maxInstances":null,"ingressSettings":null,"serviceAccountEmail":null,"vpc":null,"region":["europe-west1"],"httpsTrigger":{},"entryPoint":"googleApiEndpointHttps"},"deletePharmaciesSchedule":{"platform":"gcfv1","availableMemoryMb":null,"timeoutSeconds":null,"minInstances":null,"maxInstances":null,"ingressSettings":null,"serviceAccountEmail":null,"vpc":null,"region":["europe-west1"],"scheduleTrigger":{"schedule":"0 1 * * *","retryConfig":{"retryCount":null,"maxDoublings":null,"maxRetryDuration":null,"maxBackoffDuration":null,"minBackoffDuration":null},"timeZone":"Europe/Istanbul"},"labels":{},"entryPoint":"deletePharmaciesSchedule"}},"specVersion":"v1alpha1","requiredAPIs":[{"api":"cloudscheduler.googleapis.com","reason":"Needed for scheduled functions."}]}
[debug] [2023-03-29T14:20:19.072Z] shutdown requested via /__/quitquitquit

[info] ✔  functions: Loaded functions definitions from source: parsePharmacies, searchAddressHttps, geocodeAddressHttps, googleApiEndpointHttps, deletePharmaciesSchedule. {"metadata":{"emulator":{"name":"functions"},"message":"Loaded functions definitions from source: parsePharmacies, searchAddressHttps, geocodeAddressHttps, googleApiEndpointHttps, deletePharmaciesSchedule."}}
[info] i  functions[europe-west1-parsePharmacies]: function ignored because the pubsub emulator does not exist or is not running. {"metadata":{"emulator":{"name":"functions"},"message":"function ignored because the pubsub emulator does not exist or is not running."}}
[info] ✔  functions[europe-west1-searchAddressHttps]: http function initialized (http://127.0.0.1:5001/eczane-tracker/europe-west1/searchAddressHttps). {"metadata":{"emulator":{"name":"functions"},"message":"\u001b[1mhttp\u001b[22m function initialized (http://127.0.0.1:5001/eczane-tracker/europe-west1/searchAddressHttps)."}}
[info] ✔  functions[europe-west1-geocodeAddressHttps]: http function initialized (http://127.0.0.1:5001/eczane-tracker/europe-west1/geocodeAddressHttps). {"metadata":{"emulator":{"name":"functions"},"message":"\u001b[1mhttp\u001b[22m function initialized (http://127.0.0.1:5001/eczane-tracker/europe-west1/geocodeAddressHttps)."}}
[info] ✔  functions[europe-west1-googleApiEndpointHttps]: http function initialized (http://127.0.0.1:5001/eczane-tracker/europe-west1/googleApiEndpointHttps). {"metadata":{"emulator":{"name":"functions"},"message":"\u001b[1mhttp\u001b[22m function initialized (http://127.0.0.1:5001/eczane-tracker/europe-west1/googleApiEndpointHttps)."}}
[info] i  functions[europe-west1-deletePharmaciesSchedule]: function ignored because the pubsub emulator does not exist or is not running. {"metadata":{"emulator":{"name":"functions"},"message":"function ignored because the pubsub emulator does not exist or is not running."}}
[info] 
┌─────────────────────────────────────────────────────────────┐
│ ✔  All emulators ready! It is now safe to connect your app. │
│ i  View Emulator UI at http://127.0.0.1:4000/               │
└─────────────────────────────────────────────────────────────┘

┌───────────┬────────────────┬─────────────────────────────────┐
│ Emulator  │ Host:Port      │ View in Emulator UI             │
├───────────┼────────────────┼─────────────────────────────────┤
│ Functions │ 127.0.0.1:5001 │ http://127.0.0.1:4000/functions │
└───────────┴────────────────┴─────────────────────────────────┘
  Emulator Hub running at 127.0.0.1:4400
  Other reserved ports: 4500

Issues? Report them at https://github.com/firebase/firebase-tools/issues and attach the *-debug.log files.
 
[debug] [2023-03-29T14:20:30.325Z] [work-queue] {"queuedWork":["/eczane-tracker/europe-west1/geocodeAddressHttps-2023-03-29T14:20:30.325Z"],"queueLength":1,"runningWork":[],"workRunningCount":0}
[debug] [2023-03-29T14:20:30.327Z] [work-queue] {"queuedWork":[],"queueLength":0,"runningWork":["/eczane-tracker/europe-west1/geocodeAddressHttps-2023-03-29T14:20:30.325Z"],"workRunningCount":1}
[debug] [2023-03-29T14:20:30.327Z] Accepted request OPTIONS /eczane-tracker/europe-west1/geocodeAddressHttps --> europe-west1-geocodeAddressHttps
[debug] [2023-03-29T14:20:30.334Z] [functions] Runtime ready! Sending request! {"metadata":{"emulator":{"name":"functions"},"message":"[functions] Runtime ready! Sending request!"}}
[debug] [2023-03-29T14:20:30.337Z] [functions] Got req.url=/eczane-tracker/europe-west1/geocodeAddressHttps, mapping to path=/ {"metadata":{"emulator":{"name":"functions"},"message":"[functions] Got req.url=/eczane-tracker/europe-west1/geocodeAddressHttps, mapping to path=/"}}
[debug] [2023-03-29T14:20:30.348Z] [worker-pool] addWorker(europe-west1-geocodeAddressHttps) {"metadata":{"emulator":{"name":"functions"},"message":"[worker-pool] addWorker(europe-west1-geocodeAddressHttps)"}}
[debug] [2023-03-29T14:20:30.349Z] [worker-pool] Adding worker with key europe-west1-geocodeAddressHttps, total=1 {"metadata":{"emulator":{"name":"functions"},"message":"[worker-pool] Adding worker with key europe-west1-geocodeAddressHttps, total=1"}}
[debug] [2023-03-29T14:20:30.723Z] [runtime-status] [68514] Resolved module firebase-admin {"declared":true,"installed":true,"version":"11.5.0","resolution":"/Users/akse/eczane-tracker/functions/node_modules/firebase-admin/lib/index.js"} {"metadata":{"emulator":{"name":"functions"},"function":{"name":"europe-west1-geocodeAddressHttps"},"extension":{},"message":"[runtime-status] [68514] Resolved module firebase-admin {\"declared\":true,\"installed\":true,\"version\":\"11.5.0\",\"resolution\":\"/Users/akse/eczane-tracker/functions/node_modules/firebase-admin/lib/index.js\"}"}}
[debug] [2023-03-29T14:20:30.724Z] [runtime-status] [68514] Resolved module firebase-functions {"declared":true,"installed":true,"version":"4.2.1","resolution":"/Users/akse/eczane-tracker/functions/node_modules/firebase-functions/lib/v1/index.js"} {"metadata":{"emulator":{"name":"functions"},"function":{"name":"europe-west1-geocodeAddressHttps"},"extension":{},"message":"[runtime-status] [68514] Resolved module firebase-functions {\"declared\":true,\"installed\":true,\"version\":\"4.2.1\",\"resolution\":\"/Users/akse/eczane-tracker/functions/node_modules/firebase-functions/lib/v1/index.js\"}"}}
[debug] [2023-03-29T14:20:30.724Z] [runtime-status] [68514] Found local functions config: /Users/akse/eczane-tracker/functions/.runtimeconfig.json {"metadata":{"emulator":{"name":"functions"},"function":{"name":"europe-west1-geocodeAddressHttps"},"extension":{},"message":"[runtime-status] [68514] Found local functions config: /Users/akse/eczane-tracker/functions/.runtimeconfig.json"}}
[debug] [2023-03-29T14:20:30.724Z] [runtime-status] [68514] Outgoing network have been stubbed. [{"name":"http","status":"mocked"},{"name":"http","status":"mocked"},{"name":"https","status":"mocked"},{"name":"https","status":"mocked"},{"name":"net","status":"mocked"}] {"metadata":{"emulator":{"name":"functions"},"function":{"name":"europe-west1-geocodeAddressHttps"},"extension":{},"message":"[runtime-status] [68514] Outgoing network have been stubbed. [{\"name\":\"http\",\"status\":\"mocked\"},{\"name\":\"http\",\"status\":\"mocked\"},{\"name\":\"https\",\"status\":\"mocked\"},{\"name\":\"https\",\"status\":\"mocked\"},{\"name\":\"net\",\"status\":\"mocked\"}]"}}
[debug] [2023-03-29T14:20:30.724Z] [runtime-status] [68514] Resolved module firebase-functions {"declared":true,"installed":true,"version":"4.2.1","resolution":"/Users/akse/eczane-tracker/functions/node_modules/firebase-functions/lib/v1/index.js"} {"metadata":{"emulator":{"name":"functions"},"function":{"name":"europe-west1-geocodeAddressHttps"},"extension":{},"message":"[runtime-status] [68514] Resolved module firebase-functions {\"declared\":true,\"installed\":true,\"version\":\"4.2.1\",\"resolution\":\"/Users/akse/eczane-tracker/functions/node_modules/firebase-functions/lib/v1/index.js\"}"}}
[debug] [2023-03-29T14:20:30.793Z] [runtime-status] [68514] Checked functions.config() {"config":{"google":{"secret":"AIzaSyBCT64KjB1fyTuo_-q5XvywgaFVN9jue8g"}}} {"metadata":{"emulator":{"name":"functions"},"function":{"name":"europe-west1-geocodeAddressHttps"},"extension":{},"message":"[runtime-status] [68514] Checked functions.config() {\"config\":{\"google\":{\"secret\":\"AIzaSyBCT64KjB1fyTuo_-q5XvywgaFVN9jue8g\"}}}"}}
[debug] [2023-03-29T14:20:30.793Z] [runtime-status] [68514] firebase-functions has been stubbed. {"functionsResolution":{"declared":true,"installed":true,"version":"4.2.1","resolution":"/Users/akse/eczane-tracker/functions/node_modules/firebase-functions/lib/v1/index.js"}} {"metadata":{"emulator":{"name":"functions"},"function":{"name":"europe-west1-geocodeAddressHttps"},"extension":{},"message":"[runtime-status] [68514] firebase-functions has been stubbed. {\"functionsResolution\":{\"declared\":true,\"installed\":true,\"version\":\"4.2.1\",\"resolution\":\"/Users/akse/eczane-tracker/functions/node_modules/firebase-functions/lib/v1/index.js\"}}"}}
[debug] [2023-03-29T14:20:30.793Z] [runtime-status] [68514] Resolved module firebase-functions {"declared":true,"installed":true,"version":"4.2.1","resolution":"/Users/akse/eczane-tracker/functions/node_modules/firebase-functions/lib/v1/index.js"} {"metadata":{"emulator":{"name":"functions"},"function":{"name":"europe-west1-geocodeAddressHttps"},"extension":{},"message":"[runtime-status] [68514] Resolved module firebase-functions {\"declared\":true,\"installed\":true,\"version\":\"4.2.1\",\"resolution\":\"/Users/akse/eczane-tracker/functions/node_modules/firebase-functions/lib/v1/index.js\"}"}}
[debug] [2023-03-29T14:20:30.793Z] [runtime-status] [68514] Resolved module firebase-admin {"declared":true,"installed":true,"version":"11.5.0","resolution":"/Users/akse/eczane-tracker/functions/node_modules/firebase-admin/lib/index.js"} {"metadata":{"emulator":{"name":"functions"},"function":{"name":"europe-west1-geocodeAddressHttps"},"extension":{},"message":"[runtime-status] [68514] Resolved module firebase-admin {\"declared\":true,\"installed\":true,\"version\":\"11.5.0\",\"resolution\":\"/Users/akse/eczane-tracker/functions/node_modules/firebase-admin/lib/index.js\"}"}}
[debug] [2023-03-29T14:20:30.794Z] [runtime-status] [68514] Resolved module firebase-functions {"declared":true,"installed":true,"version":"4.2.1","resolution":"/Users/akse/eczane-tracker/functions/node_modules/firebase-functions/lib/v1/index.js"} {"metadata":{"emulator":{"name":"functions"},"function":{"name":"europe-west1-geocodeAddressHttps"},"extension":{},"message":"[runtime-status] [68514] Resolved module firebase-functions {\"declared\":true,\"installed\":true,\"version\":\"4.2.1\",\"resolution\":\"/Users/akse/eczane-tracker/functions/node_modules/firebase-functions/lib/v1/index.js\"}"}}
[debug] [2023-03-29T14:20:30.794Z] [runtime-status] [68514] firebase-admin has been stubbed. {"adminResolution":{"declared":true,"installed":true,"version":"11.5.0","resolution":"/Users/akse/eczane-tracker/functions/node_modules/firebase-admin/lib/index.js"}} {"metadata":{"emulator":{"name":"functions"},"function":{"name":"europe-west1-geocodeAddressHttps"},"extension":{},"message":"[runtime-status] [68514] firebase-admin has been stubbed. {\"adminResolution\":{\"declared\":true,\"installed\":true,\"version\":\"11.5.0\",\"resolution\":\"/Users/akse/eczane-tracker/functions/node_modules/firebase-admin/lib/index.js\"}}"}}
[debug] [2023-03-29T14:20:30.795Z] [runtime-status] [68514] initializeApp(DEFAULT) {"storageBucket":"eczane-tracker.appspot.com","projectId":"eczane-tracker"} {"metadata":{"emulator":{"name":"functions"},"function":{"name":"europe-west1-geocodeAddressHttps"},"extension":{},"message":"[runtime-status] [68514] initializeApp(DEFAULT) {\"storageBucket\":\"eczane-tracker.appspot.com\",\"projectId\":\"eczane-tracker\"}"}}
[debug] [2023-03-29T14:20:30.865Z] [runtime-status] [68514] Functions runtime initialized. {"cwd":"/Users/akse/eczane-tracker/functions","node_version":"16.14.2"} {"metadata":{"emulator":{"name":"functions"},"function":{"name":"europe-west1-geocodeAddressHttps"},"extension":{},"message":"[runtime-status] [68514] Functions runtime initialized. {\"cwd\":\"/Users/akse/eczane-tracker/functions\",\"node_version\":\"16.14.2\"}"}}
[debug] [2023-03-29T14:20:30.866Z] [runtime-status] [68514] Listening to port: /var/folders/7y/gvs32b154tgd3xjj03pw6w5w0000gn/T/fire_emu_92bb13e82e095882.sock {"metadata":{"emulator":{"name":"functions"},"function":{"name":"europe-west1-geocodeAddressHttps"},"extension":{},"message":"[runtime-status] [68514] Listening to port: /var/folders/7y/gvs32b154tgd3xjj03pw6w5w0000gn/T/fire_emu_92bb13e82e095882.sock"}}
[debug] [2023-03-29T14:20:30.961Z] [worker-europe-west1-geocodeAddressHttps-9cfc8b76-e658-4229-969d-0db290a44561]: IDLE {"metadata":{"emulator":{"name":"functions"},"function":{"name":"europe-west1-geocodeAddressHttps"},"extension":{},"message":"[worker-europe-west1-geocodeAddressHttps-9cfc8b76-e658-4229-969d-0db290a44561]: IDLE"}}
[debug] [2023-03-29T14:20:30.961Z] [worker-pool] submitRequest(triggerId=europe-west1-geocodeAddressHttps) {"metadata":{"emulator":{"name":"functions"},"message":"[worker-pool] submitRequest(triggerId=europe-west1-geocodeAddressHttps)"}}
[info] i  functions: Beginning execution of "europe-west1-geocodeAddressHttps" {"metadata":{"emulator":{"name":"functions"},"function":{"name":"europe-west1-geocodeAddressHttps"},"extension":{},"message":"Beginning execution of \"europe-west1-geocodeAddressHttps\""}}
[debug] [2023-03-29T14:20:30.961Z] [worker-europe-west1-geocodeAddressHttps-9cfc8b76-e658-4229-969d-0db290a44561]: BUSY {"metadata":{"emulator":{"name":"functions"},"function":{"name":"europe-west1-geocodeAddressHttps"},"extension":{},"message":"[worker-europe-west1-geocodeAddressHttps-9cfc8b76-e658-4229-969d-0db290a44561]: BUSY"}}
[info] i  functions: Finished "europe-west1-geocodeAddressHttps" in 2.774416ms {"metadata":{"emulator":{"name":"functions"},"function":{"name":"europe-west1-geocodeAddressHttps"},"extension":{},"message":"Finished \"europe-west1-geocodeAddressHttps\" in 2.774416ms"}}
[debug] [2023-03-29T14:20:30.964Z] [worker-europe-west1-geocodeAddressHttps-9cfc8b76-e658-4229-969d-0db290a44561]: IDLE {"metadata":{"emulator":{"name":"functions"},"function":{"name":"europe-west1-geocodeAddressHttps"},"extension":{},"message":"[worker-europe-west1-geocodeAddressHttps-9cfc8b76-e658-4229-969d-0db290a44561]: IDLE"}}
[debug] [2023-03-29T14:20:30.964Z] [work-queue] {"queuedWork":[],"queueLength":0,"runningWork":[],"workRunningCount":0}
[debug] [2023-03-29T14:20:30.966Z] [work-queue] {"queuedWork":["/eczane-tracker/europe-west1/geocodeAddressHttps-2023-03-29T14:20:30.966Z"],"queueLength":1,"runningWork":[],"workRunningCount":0}
[debug] [2023-03-29T14:20:30.966Z] [work-queue] {"queuedWork":[],"queueLength":0,"runningWork":["/eczane-tracker/europe-west1/geocodeAddressHttps-2023-03-29T14:20:30.966Z"],"workRunningCount":1}
[debug] [2023-03-29T14:20:30.966Z] Accepted request POST /eczane-tracker/europe-west1/geocodeAddressHttps --> europe-west1-geocodeAddressHttps
[debug] [2023-03-29T14:20:30.967Z] [functions] Runtime ready! Sending request! {"metadata":{"emulator":{"name":"functions"},"message":"[functions] Runtime ready! Sending request!"}}
[debug] [2023-03-29T14:20:30.967Z] [functions] Got req.url=/eczane-tracker/europe-west1/geocodeAddressHttps, mapping to path=/ {"metadata":{"emulator":{"name":"functions"},"message":"[functions] Got req.url=/eczane-tracker/europe-west1/geocodeAddressHttps, mapping to path=/"}}
[debug] [2023-03-29T14:20:30.967Z] [worker-pool] submitRequest(triggerId=europe-west1-geocodeAddressHttps) {"metadata":{"emulator":{"name":"functions"},"message":"[worker-pool] submitRequest(triggerId=europe-west1-geocodeAddressHttps)"}}
[info] i  functions: Beginning execution of "europe-west1-geocodeAddressHttps" {"metadata":{"emulator":{"name":"functions"},"function":{"name":"europe-west1-geocodeAddressHttps"},"extension":{},"message":"Beginning execution of \"europe-west1-geocodeAddressHttps\""}}
[debug] [2023-03-29T14:20:30.968Z] [worker-europe-west1-geocodeAddressHttps-9cfc8b76-e658-4229-969d-0db290a44561]: BUSY {"metadata":{"emulator":{"name":"functions"},"function":{"name":"europe-west1-geocodeAddressHttps"},"extension":{},"message":"[worker-europe-west1-geocodeAddressHttps-9cfc8b76-e658-4229-969d-0db290a44561]: BUSY"}}
[info] >  {"verifications":{"app":"MISSING","auth":"MISSING"},"logging.googleapis.com/labels":{"firebase-log-type":"callable-request-verification"},"severity":"DEBUG","message":"Callable request verification passed"} {"user":{"verifications":{"app":"MISSING","auth":"MISSING"},"logging.googleapis.com/labels":{"firebase-log-type":"callable-request-verification"},"severity":"DEBUG","message":"Callable request verification passed"},"metadata":{"emulator":{"name":"functions"},"function":{"name":"europe-west1-geocodeAddressHttps"},"extension":{},"message":"\u001b[90m> \u001b[39m {\"verifications\":{\"app\":\"MISSING\",\"auth\":\"MISSING\"},\"logging.googleapis.com/labels\":{\"firebase-log-type\":\"callable-request-verification\"},\"severity\":\"DEBUG\",\"message\":\"Callable request verification passed\"}"}}
[debug] [2023-03-29T14:20:30.977Z] [runtime-status] [68514] No callable functions auth found {"metadata":{"emulator":{"name":"functions"},"function":{"name":"europe-west1-geocodeAddressHttps"},"extension":{},"message":"[runtime-status] [68514] No callable functions auth found"}}
[info] i  functions: Finished "europe-west1-geocodeAddressHttps" in 443.100583ms {"metadata":{"emulator":{"name":"functions"},"function":{"name":"europe-west1-geocodeAddressHttps"},"extension":{},"message":"Finished \"europe-west1-geocodeAddressHttps\" in 443.100583ms"}}
[debug] [2023-03-29T14:20:31.411Z] [worker-europe-west1-geocodeAddressHttps-9cfc8b76-e658-4229-969d-0db290a44561]: IDLE {"metadata":{"emulator":{"name":"functions"},"function":{"name":"europe-west1-geocodeAddressHttps"},"extension":{},"message":"[worker-europe-west1-geocodeAddressHttps-9cfc8b76-e658-4229-969d-0db290a44561]: IDLE"}}
[debug] [2023-03-29T14:20:31.412Z] [work-queue] {"queuedWork":[],"queueLength":0,"runningWork":[],"workRunningCount":0}
[debug] [2023-03-29T14:21:21.572Z] [work-queue] {"queuedWork":["/eczane-tracker/europe-west1/searchAddressHttps-2023-03-29T14:21:21.572Z"],"queueLength":1,"runningWork":[],"workRunningCount":0}
[debug] [2023-03-29T14:21:21.572Z] [work-queue] {"queuedWork":[],"queueLength":0,"runningWork":["/eczane-tracker/europe-west1/searchAddressHttps-2023-03-29T14:21:21.572Z"],"workRunningCount":1}
[debug] [2023-03-29T14:21:21.572Z] Accepted request OPTIONS /eczane-tracker/europe-west1/searchAddressHttps --> europe-west1-searchAddressHttps
[debug] [2023-03-29T14:21:21.578Z] [functions] Runtime ready! Sending request! {"metadata":{"emulator":{"name":"functions"},"message":"[functions] Runtime ready! Sending request!"}}
[debug] [2023-03-29T14:21:21.579Z] [functions] Got req.url=/eczane-tracker/europe-west1/searchAddressHttps, mapping to path=/ {"metadata":{"emulator":{"name":"functions"},"message":"[functions] Got req.url=/eczane-tracker/europe-west1/searchAddressHttps, mapping to path=/"}}
[debug] [2023-03-29T14:21:21.599Z] [worker-pool] addWorker(europe-west1-searchAddressHttps) {"metadata":{"emulator":{"name":"functions"},"message":"[worker-pool] addWorker(europe-west1-searchAddressHttps)"}}
[debug] [2023-03-29T14:21:21.599Z] [worker-pool] Adding worker with key europe-west1-searchAddressHttps, total=1 {"metadata":{"emulator":{"name":"functions"},"message":"[worker-pool] Adding worker with key europe-west1-searchAddressHttps, total=1"}}
[debug] [2023-03-29T14:21:21.956Z] [runtime-status] [68527] Resolved module firebase-admin {"declared":true,"installed":true,"version":"11.5.0","resolution":"/Users/akse/eczane-tracker/functions/node_modules/firebase-admin/lib/index.js"} {"metadata":{"emulator":{"name":"functions"},"function":{"name":"europe-west1-searchAddressHttps"},"extension":{},"message":"[runtime-status] [68527] Resolved module firebase-admin {\"declared\":true,\"installed\":true,\"version\":\"11.5.0\",\"resolution\":\"/Users/akse/eczane-tracker/functions/node_modules/firebase-admin/lib/index.js\"}"}}
[debug] [2023-03-29T14:21:21.956Z] [runtime-status] [68527] Resolved module firebase-functions {"declared":true,"installed":true,"version":"4.2.1","resolution":"/Users/akse/eczane-tracker/functions/node_modules/firebase-functions/lib/v1/index.js"} {"metadata":{"emulator":{"name":"functions"},"function":{"name":"europe-west1-searchAddressHttps"},"extension":{},"message":"[runtime-status] [68527] Resolved module firebase-functions {\"declared\":true,\"installed\":true,\"version\":\"4.2.1\",\"resolution\":\"/Users/akse/eczane-tracker/functions/node_modules/firebase-functions/lib/v1/index.js\"}"}}
[debug] [2023-03-29T14:21:21.957Z] [runtime-status] [68527] Found local functions config: /Users/akse/eczane-tracker/functions/.runtimeconfig.json {"metadata":{"emulator":{"name":"functions"},"function":{"name":"europe-west1-searchAddressHttps"},"extension":{},"message":"[runtime-status] [68527] Found local functions config: /Users/akse/eczane-tracker/functions/.runtimeconfig.json"}}
[debug] [2023-03-29T14:21:21.957Z] [runtime-status] [68527] Outgoing network have been stubbed. [{"name":"http","status":"mocked"},{"name":"http","status":"mocked"},{"name":"https","status":"mocked"},{"name":"https","status":"mocked"},{"name":"net","status":"mocked"}] {"metadata":{"emulator":{"name":"functions"},"function":{"name":"europe-west1-searchAddressHttps"},"extension":{},"message":"[runtime-status] [68527] Outgoing network have been stubbed. [{\"name\":\"http\",\"status\":\"mocked\"},{\"name\":\"http\",\"status\":\"mocked\"},{\"name\":\"https\",\"status\":\"mocked\"},{\"name\":\"https\",\"status\":\"mocked\"},{\"name\":\"net\",\"status\":\"mocked\"}]"}}
[debug] [2023-03-29T14:21:21.957Z] [runtime-status] [68527] Resolved module firebase-functions {"declared":true,"installed":true,"version":"4.2.1","resolution":"/Users/akse/eczane-tracker/functions/node_modules/firebase-functions/lib/v1/index.js"} {"metadata":{"emulator":{"name":"functions"},"function":{"name":"europe-west1-searchAddressHttps"},"extension":{},"message":"[runtime-status] [68527] Resolved module firebase-functions {\"declared\":true,\"installed\":true,\"version\":\"4.2.1\",\"resolution\":\"/Users/akse/eczane-tracker/functions/node_modules/firebase-functions/lib/v1/index.js\"}"}}
[debug] [2023-03-29T14:21:22.018Z] [runtime-status] [68527] Checked functions.config() {"config":{"google":{"secret":"AIzaSyBCT64KjB1fyTuo_-q5XvywgaFVN9jue8g"}}} {"metadata":{"emulator":{"name":"functions"},"function":{"name":"europe-west1-searchAddressHttps"},"extension":{},"message":"[runtime-status] [68527] Checked functions.config() {\"config\":{\"google\":{\"secret\":\"AIzaSyBCT64KjB1fyTuo_-q5XvywgaFVN9jue8g\"}}}"}}
[debug] [2023-03-29T14:21:22.018Z] [runtime-status] [68527] firebase-functions has been stubbed. {"functionsResolution":{"declared":true,"installed":true,"version":"4.2.1","resolution":"/Users/akse/eczane-tracker/functions/node_modules/firebase-functions/lib/v1/index.js"}} {"metadata":{"emulator":{"name":"functions"},"function":{"name":"europe-west1-searchAddressHttps"},"extension":{},"message":"[runtime-status] [68527] firebase-functions has been stubbed. {\"functionsResolution\":{\"declared\":true,\"installed\":true,\"version\":\"4.2.1\",\"resolution\":\"/Users/akse/eczane-tracker/functions/node_modules/firebase-functions/lib/v1/index.js\"}}"}}
[debug] [2023-03-29T14:21:22.018Z] [runtime-status] [68527] Resolved module firebase-functions {"declared":true,"installed":true,"version":"4.2.1","resolution":"/Users/akse/eczane-tracker/functions/node_modules/firebase-functions/lib/v1/index.js"} {"metadata":{"emulator":{"name":"functions"},"function":{"name":"europe-west1-searchAddressHttps"},"extension":{},"message":"[runtime-status] [68527] Resolved module firebase-functions {\"declared\":true,\"installed\":true,\"version\":\"4.2.1\",\"resolution\":\"/Users/akse/eczane-tracker/functions/node_modules/firebase-functions/lib/v1/index.js\"}"}}
[debug] [2023-03-29T14:21:22.019Z] [runtime-status] [68527] Resolved module firebase-admin {"declared":true,"installed":true,"version":"11.5.0","resolution":"/Users/akse/eczane-tracker/functions/node_modules/firebase-admin/lib/index.js"} {"metadata":{"emulator":{"name":"functions"},"function":{"name":"europe-west1-searchAddressHttps"},"extension":{},"message":"[runtime-status] [68527] Resolved module firebase-admin {\"declared\":true,\"installed\":true,\"version\":\"11.5.0\",\"resolution\":\"/Users/akse/eczane-tracker/functions/node_modules/firebase-admin/lib/index.js\"}"}}
[debug] [2023-03-29T14:21:22.019Z] [runtime-status] [68527] Resolved module firebase-functions {"declared":true,"installed":true,"version":"4.2.1","resolution":"/Users/akse/eczane-tracker/functions/node_modules/firebase-functions/lib/v1/index.js"} {"metadata":{"emulator":{"name":"functions"},"function":{"name":"europe-west1-searchAddressHttps"},"extension":{},"message":"[runtime-status] [68527] Resolved module firebase-functions {\"declared\":true,\"installed\":true,\"version\":\"4.2.1\",\"resolution\":\"/Users/akse/eczane-tracker/functions/node_modules/firebase-functions/lib/v1/index.js\"}"}}
[debug] [2023-03-29T14:21:22.019Z] [runtime-status] [68527] firebase-admin has been stubbed. {"adminResolution":{"declared":true,"installed":true,"version":"11.5.0","resolution":"/Users/akse/eczane-tracker/functions/node_modules/firebase-admin/lib/index.js"}} {"metadata":{"emulator":{"name":"functions"},"function":{"name":"europe-west1-searchAddressHttps"},"extension":{},"message":"[runtime-status] [68527] firebase-admin has been stubbed. {\"adminResolution\":{\"declared\":true,\"installed\":true,\"version\":\"11.5.0\",\"resolution\":\"/Users/akse/eczane-tracker/functions/node_modules/firebase-admin/lib/index.js\"}}"}}
[debug] [2023-03-29T14:21:22.020Z] [runtime-status] [68527] initializeApp(DEFAULT) {"storageBucket":"eczane-tracker.appspot.com","projectId":"eczane-tracker"} {"metadata":{"emulator":{"name":"functions"},"function":{"name":"europe-west1-searchAddressHttps"},"extension":{},"message":"[runtime-status] [68527] initializeApp(DEFAULT) {\"storageBucket\":\"eczane-tracker.appspot.com\",\"projectId\":\"eczane-tracker\"}"}}
[debug] [2023-03-29T14:21:22.078Z] [runtime-status] [68527] Functions runtime initialized. {"cwd":"/Users/akse/eczane-tracker/functions","node_version":"16.14.2"} {"metadata":{"emulator":{"name":"functions"},"function":{"name":"europe-west1-searchAddressHttps"},"extension":{},"message":"[runtime-status] [68527] Functions runtime initialized. {\"cwd\":\"/Users/akse/eczane-tracker/functions\",\"node_version\":\"16.14.2\"}"}}
[debug] [2023-03-29T14:21:22.078Z] [runtime-status] [68527] Listening to port: /var/folders/7y/gvs32b154tgd3xjj03pw6w5w0000gn/T/fire_emu_02eb145d4b7ae6d0.sock {"metadata":{"emulator":{"name":"functions"},"function":{"name":"europe-west1-searchAddressHttps"},"extension":{},"message":"[runtime-status] [68527] Listening to port: /var/folders/7y/gvs32b154tgd3xjj03pw6w5w0000gn/T/fire_emu_02eb145d4b7ae6d0.sock"}}
[debug] [2023-03-29T14:21:22.109Z] [worker-europe-west1-searchAddressHttps-0a022b4d-5ddc-44aa-960c-352072c4e469]: IDLE {"metadata":{"emulator":{"name":"functions"},"function":{"name":"europe-west1-searchAddressHttps"},"extension":{},"message":"[worker-europe-west1-searchAddressHttps-0a022b4d-5ddc-44aa-960c-352072c4e469]: IDLE"}}
[debug] [2023-03-29T14:21:22.109Z] [worker-pool] submitRequest(triggerId=europe-west1-searchAddressHttps) {"metadata":{"emulator":{"name":"functions"},"message":"[worker-pool] submitRequest(triggerId=europe-west1-searchAddressHttps)"}}
[info] i  functions: Beginning execution of "europe-west1-searchAddressHttps" {"metadata":{"emulator":{"name":"functions"},"function":{"name":"europe-west1-searchAddressHttps"},"extension":{},"message":"Beginning execution of \"europe-west1-searchAddressHttps\""}}
[debug] [2023-03-29T14:21:22.109Z] [worker-europe-west1-searchAddressHttps-0a022b4d-5ddc-44aa-960c-352072c4e469]: BUSY {"metadata":{"emulator":{"name":"functions"},"function":{"name":"europe-west1-searchAddressHttps"},"extension":{},"message":"[worker-europe-west1-searchAddressHttps-0a022b4d-5ddc-44aa-960c-352072c4e469]: BUSY"}}
[info] i  functions: Finished "europe-west1-searchAddressHttps" in 1.610125ms {"metadata":{"emulator":{"name":"functions"},"function":{"name":"europe-west1-searchAddressHttps"},"extension":{},"message":"Finished \"europe-west1-searchAddressHttps\" in 1.610125ms"}}
[debug] [2023-03-29T14:21:22.111Z] [worker-europe-west1-searchAddressHttps-0a022b4d-5ddc-44aa-960c-352072c4e469]: IDLE {"metadata":{"emulator":{"name":"functions"},"function":{"name":"europe-west1-searchAddressHttps"},"extension":{},"message":"[worker-europe-west1-searchAddressHttps-0a022b4d-5ddc-44aa-960c-352072c4e469]: IDLE"}}
[debug] [2023-03-29T14:21:22.111Z] [work-queue] {"queuedWork":[],"queueLength":0,"runningWork":[],"workRunningCount":0}
[debug] [2023-03-29T14:21:22.114Z] [work-queue] {"queuedWork":["/eczane-tracker/europe-west1/searchAddressHttps-2023-03-29T14:21:22.114Z"],"queueLength":1,"runningWork":[],"workRunningCount":0}
[debug] [2023-03-29T14:21:22.114Z] [work-queue] {"queuedWork":[],"queueLength":0,"runningWork":["/eczane-tracker/europe-west1/searchAddressHttps-2023-03-29T14:21:22.114Z"],"workRunningCount":1}
[debug] [2023-03-29T14:21:22.114Z] Accepted request POST /eczane-tracker/europe-west1/searchAddressHttps --> europe-west1-searchAddressHttps
[debug] [2023-03-29T14:21:22.115Z] [functions] Runtime ready! Sending request! {"metadata":{"emulator":{"name":"functions"},"message":"[functions] Runtime ready! Sending request!"}}
[debug] [2023-03-29T14:21:22.115Z] [functions] Got req.url=/eczane-tracker/europe-west1/searchAddressHttps, mapping to path=/ {"metadata":{"emulator":{"name":"functions"},"message":"[functions] Got req.url=/eczane-tracker/europe-west1/searchAddressHttps, mapping to path=/"}}
[debug] [2023-03-29T14:21:22.116Z] [worker-pool] submitRequest(triggerId=europe-west1-searchAddressHttps) {"metadata":{"emulator":{"name":"functions"},"message":"[worker-pool] submitRequest(triggerId=europe-west1-searchAddressHttps)"}}
[info] i  functions: Beginning execution of "europe-west1-searchAddressHttps" {"metadata":{"emulator":{"name":"functions"},"function":{"name":"europe-west1-searchAddressHttps"},"extension":{},"message":"Beginning execution of \"europe-west1-searchAddressHttps\""}}
[debug] [2023-03-29T14:21:22.116Z] [worker-europe-west1-searchAddressHttps-0a022b4d-5ddc-44aa-960c-352072c4e469]: BUSY {"metadata":{"emulator":{"name":"functions"},"function":{"name":"europe-west1-searchAddressHttps"},"extension":{},"message":"[worker-europe-west1-searchAddressHttps-0a022b4d-5ddc-44aa-960c-352072c4e469]: BUSY"}}
[info] >  {"verifications":{"app":"MISSING","auth":"MISSING"},"logging.googleapis.com/labels":{"firebase-log-type":"callable-request-verification"},"severity":"DEBUG","message":"Callable request verification passed"} {"user":{"verifications":{"app":"MISSING","auth":"MISSING"},"logging.googleapis.com/labels":{"firebase-log-type":"callable-request-verification"},"severity":"DEBUG","message":"Callable request verification passed"},"metadata":{"emulator":{"name":"functions"},"function":{"name":"europe-west1-searchAddressHttps"},"extension":{},"message":"\u001b[90m> \u001b[39m {\"verifications\":{\"app\":\"MISSING\",\"auth\":\"MISSING\"},\"logging.googleapis.com/labels\":{\"firebase-log-type\":\"callable-request-verification\"},\"severity\":\"DEBUG\",\"message\":\"Callable request verification passed\"}"}}
[debug] [2023-03-29T14:21:22.121Z] [runtime-status] [68527] No callable functions auth found {"metadata":{"emulator":{"name":"functions"},"function":{"name":"europe-west1-searchAddressHttps"},"extension":{},"message":"[runtime-status] [68527] No callable functions auth found"}}
[info] i  functions: Finished "europe-west1-searchAddressHttps" in 1014.051667ms {"metadata":{"emulator":{"name":"functions"},"function":{"name":"europe-west1-searchAddressHttps"},"extension":{},"message":"Finished \"europe-west1-searchAddressHttps\" in 1014.051667ms"}}
[debug] [2023-03-29T14:21:23.130Z] [worker-europe-west1-searchAddressHttps-0a022b4d-5ddc-44aa-960c-352072c4e469]: IDLE {"metadata":{"emulator":{"name":"functions"},"function":{"name":"europe-west1-searchAddressHttps"},"extension":{},"message":"[worker-europe-west1-searchAddressHttps-0a022b4d-5ddc-44aa-960c-352072c4e469]: IDLE"}}
[debug] [2023-03-29T14:21:23.130Z] [work-queue] {"queuedWork":[],"queueLength":0,"runningWork":[],"workRunningCount":0}
[debug] [2023-03-29T14:26:30.222Z] [work-queue] {"queuedWork":["/eczane-tracker/europe-west1/geocodeAddressHttps-2023-03-29T14:26:30.222Z"],"queueLength":1,"runningWork":[],"workRunningCount":0}
[debug] [2023-03-29T14:26:30.223Z] [work-queue] {"queuedWork":[],"queueLength":0,"runningWork":["/eczane-tracker/europe-west1/geocodeAddressHttps-2023-03-29T14:26:30.222Z"],"workRunningCount":1}
[debug] [2023-03-29T14:26:30.223Z] Accepted request OPTIONS /eczane-tracker/europe-west1/geocodeAddressHttps --> europe-west1-geocodeAddressHttps
[debug] [2023-03-29T14:26:30.233Z] [functions] Runtime ready! Sending request! {"metadata":{"emulator":{"name":"functions"},"message":"[functions] Runtime ready! Sending request!"}}
[debug] [2023-03-29T14:26:30.233Z] [functions] Got req.url=/eczane-tracker/europe-west1/geocodeAddressHttps, mapping to path=/ {"metadata":{"emulator":{"name":"functions"},"message":"[functions] Got req.url=/eczane-tracker/europe-west1/geocodeAddressHttps, mapping to path=/"}}
[debug] [2023-03-29T14:26:30.234Z] [worker-pool] submitRequest(triggerId=europe-west1-geocodeAddressHttps) {"metadata":{"emulator":{"name":"functions"},"message":"[worker-pool] submitRequest(triggerId=europe-west1-geocodeAddressHttps)"}}
[info] i  functions: Beginning execution of "europe-west1-geocodeAddressHttps" {"metadata":{"emulator":{"name":"functions"},"function":{"name":"europe-west1-geocodeAddressHttps"},"extension":{},"message":"Beginning execution of \"europe-west1-geocodeAddressHttps\""}}
[debug] [2023-03-29T14:26:30.234Z] [worker-europe-west1-geocodeAddressHttps-9cfc8b76-e658-4229-969d-0db290a44561]: BUSY {"metadata":{"emulator":{"name":"functions"},"function":{"name":"europe-west1-geocodeAddressHttps"},"extension":{},"message":"[worker-europe-west1-geocodeAddressHttps-9cfc8b76-e658-4229-969d-0db290a44561]: BUSY"}}
[info] i  functions: Finished "europe-west1-geocodeAddressHttps" in 4.829459ms {"metadata":{"emulator":{"name":"functions"},"function":{"name":"europe-west1-geocodeAddressHttps"},"extension":{},"message":"Finished \"europe-west1-geocodeAddressHttps\" in 4.829459ms"}}
[debug] [2023-03-29T14:26:30.240Z] [worker-europe-west1-geocodeAddressHttps-9cfc8b76-e658-4229-969d-0db290a44561]: IDLE {"metadata":{"emulator":{"name":"functions"},"function":{"name":"europe-west1-geocodeAddressHttps"},"extension":{},"message":"[worker-europe-west1-geocodeAddressHttps-9cfc8b76-e658-4229-969d-0db290a44561]: IDLE"}}
[debug] [2023-03-29T14:26:30.240Z] [work-queue] {"queuedWork":[],"queueLength":0,"runningWork":[],"workRunningCount":0}
[debug] [2023-03-29T14:26:30.242Z] [work-queue] {"queuedWork":["/eczane-tracker/europe-west1/geocodeAddressHttps-2023-03-29T14:26:30.242Z"],"queueLength":1,"runningWork":[],"workRunningCount":0}
[debug] [2023-03-29T14:26:30.242Z] [work-queue] {"queuedWork":[],"queueLength":0,"runningWork":["/eczane-tracker/europe-west1/geocodeAddressHttps-2023-03-29T14:26:30.242Z"],"workRunningCount":1}
[debug] [2023-03-29T14:26:30.242Z] Accepted request POST /eczane-tracker/europe-west1/geocodeAddressHttps --> europe-west1-geocodeAddressHttps
[debug] [2023-03-29T14:26:30.245Z] [functions] Runtime ready! Sending request! {"metadata":{"emulator":{"name":"functions"},"message":"[functions] Runtime ready! Sending request!"}}
[debug] [2023-03-29T14:26:30.245Z] [functions] Got req.url=/eczane-tracker/europe-west1/geocodeAddressHttps, mapping to path=/ {"metadata":{"emulator":{"name":"functions"},"message":"[functions] Got req.url=/eczane-tracker/europe-west1/geocodeAddressHttps, mapping to path=/"}}
[debug] [2023-03-29T14:26:30.245Z] [worker-pool] submitRequest(triggerId=europe-west1-geocodeAddressHttps) {"metadata":{"emulator":{"name":"functions"},"message":"[worker-pool] submitRequest(triggerId=europe-west1-geocodeAddressHttps)"}}
[info] i  functions: Beginning execution of "europe-west1-geocodeAddressHttps" {"metadata":{"emulator":{"name":"functions"},"function":{"name":"europe-west1-geocodeAddressHttps"},"extension":{},"message":"Beginning execution of \"europe-west1-geocodeAddressHttps\""}}
[debug] [2023-03-29T14:26:30.245Z] [worker-europe-west1-geocodeAddressHttps-9cfc8b76-e658-4229-969d-0db290a44561]: BUSY {"metadata":{"emulator":{"name":"functions"},"function":{"name":"europe-west1-geocodeAddressHttps"},"extension":{},"message":"[worker-europe-west1-geocodeAddressHttps-9cfc8b76-e658-4229-969d-0db290a44561]: BUSY"}}
[info] >  {"verifications":{"app":"MISSING","auth":"MISSING"},"logging.googleapis.com/labels":{"firebase-log-type":"callable-request-verification"},"severity":"DEBUG","message":"Callable request verification passed"} {"user":{"verifications":{"app":"MISSING","auth":"MISSING"},"logging.googleapis.com/labels":{"firebase-log-type":"callable-request-verification"},"severity":"DEBUG","message":"Callable request verification passed"},"metadata":{"emulator":{"name":"functions"},"function":{"name":"europe-west1-geocodeAddressHttps"},"extension":{},"message":"\u001b[90m> \u001b[39m {\"verifications\":{\"app\":\"MISSING\",\"auth\":\"MISSING\"},\"logging.googleapis.com/labels\":{\"firebase-log-type\":\"callable-request-verification\"},\"severity\":\"DEBUG\",\"message\":\"Callable request verification passed\"}"}}
[debug] [2023-03-29T14:26:30.248Z] [runtime-status] [68514] No callable functions auth found {"metadata":{"emulator":{"name":"functions"},"function":{"name":"europe-west1-geocodeAddressHttps"},"extension":{},"message":"[runtime-status] [68514] No callable functions auth found"}}
[info] i  functions: Finished "europe-west1-geocodeAddressHttps" in 297.143625ms {"metadata":{"emulator":{"name":"functions"},"function":{"name":"europe-west1-geocodeAddressHttps"},"extension":{},"message":"Finished \"europe-west1-geocodeAddressHttps\" in 297.143625ms"}}
[debug] [2023-03-29T14:26:30.544Z] [worker-europe-west1-geocodeAddressHttps-9cfc8b76-e658-4229-969d-0db290a44561]: IDLE {"metadata":{"emulator":{"name":"functions"},"function":{"name":"europe-west1-geocodeAddressHttps"},"extension":{},"message":"[worker-europe-west1-geocodeAddressHttps-9cfc8b76-e658-4229-969d-0db290a44561]: IDLE"}}
[debug] [2023-03-29T14:26:30.544Z] [work-queue] {"queuedWork":[],"queueLength":0,"runningWork":[],"workRunningCount":0}
[debug] [2023-03-29T14:27:28.778Z] [work-queue] {"queuedWork":["/eczane-tracker/europe-west1/geocodeAddressHttps-2023-03-29T14:27:28.778Z"],"queueLength":1,"runningWork":[],"workRunningCount":0}
[debug] [2023-03-29T14:27:28.778Z] [work-queue] {"queuedWork":[],"queueLength":0,"runningWork":["/eczane-tracker/europe-west1/geocodeAddressHttps-2023-03-29T14:27:28.778Z"],"workRunningCount":1}
[debug] [2023-03-29T14:27:28.778Z] Accepted request OPTIONS /eczane-tracker/europe-west1/geocodeAddressHttps --> europe-west1-geocodeAddressHttps
[debug] [2023-03-29T14:27:28.782Z] [functions] Runtime ready! Sending request! {"metadata":{"emulator":{"name":"functions"},"message":"[functions] Runtime ready! Sending request!"}}
[debug] [2023-03-29T14:27:28.783Z] [functions] Got req.url=/eczane-tracker/europe-west1/geocodeAddressHttps, mapping to path=/ {"metadata":{"emulator":{"name":"functions"},"message":"[functions] Got req.url=/eczane-tracker/europe-west1/geocodeAddressHttps, mapping to path=/"}}
[debug] [2023-03-29T14:27:28.783Z] [worker-pool] submitRequest(triggerId=europe-west1-geocodeAddressHttps) {"metadata":{"emulator":{"name":"functions"},"message":"[worker-pool] submitRequest(triggerId=europe-west1-geocodeAddressHttps)"}}
[info] i  functions: Beginning execution of "europe-west1-geocodeAddressHttps" {"metadata":{"emulator":{"name":"functions"},"function":{"name":"europe-west1-geocodeAddressHttps"},"extension":{},"message":"Beginning execution of \"europe-west1-geocodeAddressHttps\""}}
[debug] [2023-03-29T14:27:28.783Z] [worker-europe-west1-geocodeAddressHttps-9cfc8b76-e658-4229-969d-0db290a44561]: BUSY {"metadata":{"emulator":{"name":"functions"},"function":{"name":"europe-west1-geocodeAddressHttps"},"extension":{},"message":"[worker-europe-west1-geocodeAddressHttps-9cfc8b76-e658-4229-969d-0db290a44561]: BUSY"}}
[info] i  functions: Finished "europe-west1-geocodeAddressHttps" in 6.632375ms {"metadata":{"emulator":{"name":"functions"},"function":{"name":"europe-west1-geocodeAddressHttps"},"extension":{},"message":"Finished \"europe-west1-geocodeAddressHttps\" in 6.632375ms"}}
[debug] [2023-03-29T14:27:28.790Z] [worker-europe-west1-geocodeAddressHttps-9cfc8b76-e658-4229-969d-0db290a44561]: IDLE {"metadata":{"emulator":{"name":"functions"},"function":{"name":"europe-west1-geocodeAddressHttps"},"extension":{},"message":"[worker-europe-west1-geocodeAddressHttps-9cfc8b76-e658-4229-969d-0db290a44561]: IDLE"}}
[debug] [2023-03-29T14:27:28.790Z] [work-queue] {"queuedWork":[],"queueLength":0,"runningWork":[],"workRunningCount":0}
[debug] [2023-03-29T14:27:28.792Z] [work-queue] {"queuedWork":["/eczane-tracker/europe-west1/geocodeAddressHttps-2023-03-29T14:27:28.792Z"],"queueLength":1,"runningWork":[],"workRunningCount":0}
[debug] [2023-03-29T14:27:28.792Z] [work-queue] {"queuedWork":[],"queueLength":0,"runningWork":["/eczane-tracker/europe-west1/geocodeAddressHttps-2023-03-29T14:27:28.792Z"],"workRunningCount":1}
[debug] [2023-03-29T14:27:28.792Z] Accepted request POST /eczane-tracker/europe-west1/geocodeAddressHttps --> europe-west1-geocodeAddressHttps
[debug] [2023-03-29T14:27:28.794Z] [functions] Runtime ready! Sending request! {"metadata":{"emulator":{"name":"functions"},"message":"[functions] Runtime ready! Sending request!"}}
[debug] [2023-03-29T14:27:28.794Z] [functions] Got req.url=/eczane-tracker/europe-west1/geocodeAddressHttps, mapping to path=/ {"metadata":{"emulator":{"name":"functions"},"message":"[functions] Got req.url=/eczane-tracker/europe-west1/geocodeAddressHttps, mapping to path=/"}}
[debug] [2023-03-29T14:27:28.794Z] [worker-pool] submitRequest(triggerId=europe-west1-geocodeAddressHttps) {"metadata":{"emulator":{"name":"functions"},"message":"[worker-pool] submitRequest(triggerId=europe-west1-geocodeAddressHttps)"}}
[info] i  functions: Beginning execution of "europe-west1-geocodeAddressHttps" {"metadata":{"emulator":{"name":"functions"},"function":{"name":"europe-west1-geocodeAddressHttps"},"extension":{},"message":"Beginning execution of \"europe-west1-geocodeAddressHttps\""}}
[debug] [2023-03-29T14:27:28.794Z] [worker-europe-west1-geocodeAddressHttps-9cfc8b76-e658-4229-969d-0db290a44561]: BUSY {"metadata":{"emulator":{"name":"functions"},"function":{"name":"europe-west1-geocodeAddressHttps"},"extension":{},"message":"[worker-europe-west1-geocodeAddressHttps-9cfc8b76-e658-4229-969d-0db290a44561]: BUSY"}}
[info] >  {"verifications":{"app":"MISSING","auth":"MISSING"},"logging.googleapis.com/labels":{"firebase-log-type":"callable-request-verification"},"severity":"DEBUG","message":"Callable request verification passed"} {"user":{"verifications":{"app":"MISSING","auth":"MISSING"},"logging.googleapis.com/labels":{"firebase-log-type":"callable-request-verification"},"severity":"DEBUG","message":"Callable request verification passed"},"metadata":{"emulator":{"name":"functions"},"function":{"name":"europe-west1-geocodeAddressHttps"},"extension":{},"message":"\u001b[90m> \u001b[39m {\"verifications\":{\"app\":\"MISSING\",\"auth\":\"MISSING\"},\"logging.googleapis.com/labels\":{\"firebase-log-type\":\"callable-request-verification\"},\"severity\":\"DEBUG\",\"message\":\"Callable request verification passed\"}"}}
[debug] [2023-03-29T14:27:28.797Z] [runtime-status] [68514] No callable functions auth found {"metadata":{"emulator":{"name":"functions"},"function":{"name":"europe-west1-geocodeAddressHttps"},"extension":{},"message":"[runtime-status] [68514] No callable functions auth found"}}
[info] i  functions: Finished "europe-west1-geocodeAddressHttps" in 2879.186541ms {"metadata":{"emulator":{"name":"functions"},"function":{"name":"europe-west1-geocodeAddressHttps"},"extension":{},"message":"Finished \"europe-west1-geocodeAddressHttps\" in 2879.186541ms"}}
[debug] [2023-03-29T14:27:31.674Z] [worker-europe-west1-geocodeAddressHttps-9cfc8b76-e658-4229-969d-0db290a44561]: IDLE {"metadata":{"emulator":{"name":"functions"},"function":{"name":"europe-west1-geocodeAddressHttps"},"extension":{},"message":"[worker-europe-west1-geocodeAddressHttps-9cfc8b76-e658-4229-969d-0db290a44561]: IDLE"}}
[debug] [2023-03-29T14:27:31.674Z] [work-queue] {"queuedWork":[],"queueLength":0,"runningWork":[],"workRunningCount":0}
[debug] [2023-03-29T14:27:54.207Z] [work-queue] {"queuedWork":["/eczane-tracker/europe-west1/searchAddressHttps-2023-03-29T14:27:54.206Z"],"queueLength":1,"runningWork":[],"workRunningCount":0}
[debug] [2023-03-29T14:27:54.207Z] [work-queue] {"queuedWork":[],"queueLength":0,"runningWork":["/eczane-tracker/europe-west1/searchAddressHttps-2023-03-29T14:27:54.206Z"],"workRunningCount":1}
[debug] [2023-03-29T14:27:54.207Z] Accepted request OPTIONS /eczane-tracker/europe-west1/searchAddressHttps --> europe-west1-searchAddressHttps
[debug] [2023-03-29T14:27:54.209Z] [functions] Runtime ready! Sending request! {"metadata":{"emulator":{"name":"functions"},"message":"[functions] Runtime ready! Sending request!"}}
[debug] [2023-03-29T14:27:54.210Z] [functions] Got req.url=/eczane-tracker/europe-west1/searchAddressHttps, mapping to path=/ {"metadata":{"emulator":{"name":"functions"},"message":"[functions] Got req.url=/eczane-tracker/europe-west1/searchAddressHttps, mapping to path=/"}}
[debug] [2023-03-29T14:27:54.210Z] [worker-pool] submitRequest(triggerId=europe-west1-searchAddressHttps) {"metadata":{"emulator":{"name":"functions"},"message":"[worker-pool] submitRequest(triggerId=europe-west1-searchAddressHttps)"}}
[info] i  functions: Beginning execution of "europe-west1-searchAddressHttps" {"metadata":{"emulator":{"name":"functions"},"function":{"name":"europe-west1-searchAddressHttps"},"extension":{},"message":"Beginning execution of \"europe-west1-searchAddressHttps\""}}
[debug] [2023-03-29T14:27:54.210Z] [worker-europe-west1-searchAddressHttps-0a022b4d-5ddc-44aa-960c-352072c4e469]: BUSY {"metadata":{"emulator":{"name":"functions"},"function":{"name":"europe-west1-searchAddressHttps"},"extension":{},"message":"[worker-europe-west1-searchAddressHttps-0a022b4d-5ddc-44aa-960c-352072c4e469]: BUSY"}}
[info] i  functions: Finished "europe-west1-searchAddressHttps" in 9.694375ms {"metadata":{"emulator":{"name":"functions"},"function":{"name":"europe-west1-searchAddressHttps"},"extension":{},"message":"Finished \"europe-west1-searchAddressHttps\" in 9.694375ms"}}
[debug] [2023-03-29T14:27:54.221Z] [worker-europe-west1-searchAddressHttps-0a022b4d-5ddc-44aa-960c-352072c4e469]: IDLE {"metadata":{"emulator":{"name":"functions"},"function":{"name":"europe-west1-searchAddressHttps"},"extension":{},"message":"[worker-europe-west1-searchAddressHttps-0a022b4d-5ddc-44aa-960c-352072c4e469]: IDLE"}}
[debug] [2023-03-29T14:27:54.221Z] [work-queue] {"queuedWork":[],"queueLength":0,"runningWork":[],"workRunningCount":0}
[debug] [2023-03-29T14:27:54.222Z] [work-queue] {"queuedWork":["/eczane-tracker/europe-west1/searchAddressHttps-2023-03-29T14:27:54.222Z"],"queueLength":1,"runningWork":[],"workRunningCount":0}
[debug] [2023-03-29T14:27:54.222Z] [work-queue] {"queuedWork":[],"queueLength":0,"runningWork":["/eczane-tracker/europe-west1/searchAddressHttps-2023-03-29T14:27:54.222Z"],"workRunningCount":1}
[debug] [2023-03-29T14:27:54.222Z] Accepted request POST /eczane-tracker/europe-west1/searchAddressHttps --> europe-west1-searchAddressHttps
[debug] [2023-03-29T14:27:54.224Z] [functions] Runtime ready! Sending request! {"metadata":{"emulator":{"name":"functions"},"message":"[functions] Runtime ready! Sending request!"}}
[debug] [2023-03-29T14:27:54.224Z] [functions] Got req.url=/eczane-tracker/europe-west1/searchAddressHttps, mapping to path=/ {"metadata":{"emulator":{"name":"functions"},"message":"[functions] Got req.url=/eczane-tracker/europe-west1/searchAddressHttps, mapping to path=/"}}
[debug] [2023-03-29T14:27:54.224Z] [worker-pool] submitRequest(triggerId=europe-west1-searchAddressHttps) {"metadata":{"emulator":{"name":"functions"},"message":"[worker-pool] submitRequest(triggerId=europe-west1-searchAddressHttps)"}}
[info] i  functions: Beginning execution of "europe-west1-searchAddressHttps" {"metadata":{"emulator":{"name":"functions"},"function":{"name":"europe-west1-searchAddressHttps"},"extension":{},"message":"Beginning execution of \"europe-west1-searchAddressHttps\""}}
[debug] [2023-03-29T14:27:54.225Z] [worker-europe-west1-searchAddressHttps-0a022b4d-5ddc-44aa-960c-352072c4e469]: BUSY {"metadata":{"emulator":{"name":"functions"},"function":{"name":"europe-west1-searchAddressHttps"},"extension":{},"message":"[worker-europe-west1-searchAddressHttps-0a022b4d-5ddc-44aa-960c-352072c4e469]: BUSY"}}
[info] >  {"verifications":{"app":"MISSING","auth":"MISSING"},"logging.googleapis.com/labels":{"firebase-log-type":"callable-request-verification"},"severity":"DEBUG","message":"Callable request verification passed"} {"user":{"verifications":{"app":"MISSING","auth":"MISSING"},"logging.googleapis.com/labels":{"firebase-log-type":"callable-request-verification"},"severity":"DEBUG","message":"Callable request verification passed"},"metadata":{"emulator":{"name":"functions"},"function":{"name":"europe-west1-searchAddressHttps"},"extension":{},"message":"\u001b[90m> \u001b[39m {\"verifications\":{\"app\":\"MISSING\",\"auth\":\"MISSING\"},\"logging.googleapis.com/labels\":{\"firebase-log-type\":\"callable-request-verification\"},\"severity\":\"DEBUG\",\"message\":\"Callable request verification passed\"}"}}
[debug] [2023-03-29T14:27:54.229Z] [runtime-status] [68527] No callable functions auth found {"metadata":{"emulator":{"name":"functions"},"function":{"name":"europe-west1-searchAddressHttps"},"extension":{},"message":"[runtime-status] [68527] No callable functions auth found"}}
[info] i  functions: Finished "europe-west1-searchAddressHttps" in 2253.674083ms {"metadata":{"emulator":{"name":"functions"},"function":{"name":"europe-west1-searchAddressHttps"},"extension":{},"message":"Finished \"europe-west1-searchAddressHttps\" in 2253.674083ms"}}
[debug] [2023-03-29T14:27:56.481Z] [worker-europe-west1-searchAddressHttps-0a022b4d-5ddc-44aa-960c-352072c4e469]: IDLE {"metadata":{"emulator":{"name":"functions"},"function":{"name":"europe-west1-searchAddressHttps"},"extension":{},"message":"[worker-europe-west1-searchAddressHttps-0a022b4d-5ddc-44aa-960c-352072c4e469]: IDLE"}}
[debug] [2023-03-29T14:27:56.481Z] [work-queue] {"queuedWork":[],"queueLength":0,"runningWork":[],"workRunningCount":0}
[debug] [2023-03-29T14:34:24.928Z] [work-queue] {"queuedWork":["/eczane-tracker/europe-west1/geocodeAddressHttps-2023-03-29T14:34:24.928Z"],"queueLength":1,"runningWork":[],"workRunningCount":0}
[debug] [2023-03-29T14:34:24.929Z] [work-queue] {"queuedWork":[],"queueLength":0,"runningWork":["/eczane-tracker/europe-west1/geocodeAddressHttps-2023-03-29T14:34:24.928Z"],"workRunningCount":1}
[debug] [2023-03-29T14:34:24.929Z] Accepted request OPTIONS /eczane-tracker/europe-west1/geocodeAddressHttps --> europe-west1-geocodeAddressHttps
[debug] [2023-03-29T14:34:24.937Z] [functions] Runtime ready! Sending request! {"metadata":{"emulator":{"name":"functions"},"message":"[functions] Runtime ready! Sending request!"}}
[debug] [2023-03-29T14:34:24.938Z] [functions] Got req.url=/eczane-tracker/europe-west1/geocodeAddressHttps, mapping to path=/ {"metadata":{"emulator":{"name":"functions"},"message":"[functions] Got req.url=/eczane-tracker/europe-west1/geocodeAddressHttps, mapping to path=/"}}
[debug] [2023-03-29T14:34:24.938Z] [worker-pool] submitRequest(triggerId=europe-west1-geocodeAddressHttps) {"metadata":{"emulator":{"name":"functions"},"message":"[worker-pool] submitRequest(triggerId=europe-west1-geocodeAddressHttps)"}}
[info] i  functions: Beginning execution of "europe-west1-geocodeAddressHttps" {"metadata":{"emulator":{"name":"functions"},"function":{"name":"europe-west1-geocodeAddressHttps"},"extension":{},"message":"Beginning execution of \"europe-west1-geocodeAddressHttps\""}}
[debug] [2023-03-29T14:34:24.939Z] [worker-europe-west1-geocodeAddressHttps-9cfc8b76-e658-4229-969d-0db290a44561]: BUSY {"metadata":{"emulator":{"name":"functions"},"function":{"name":"europe-west1-geocodeAddressHttps"},"extension":{},"message":"[worker-europe-west1-geocodeAddressHttps-9cfc8b76-e658-4229-969d-0db290a44561]: BUSY"}}
[info] i  functions: Finished "europe-west1-geocodeAddressHttps" in 11.46675ms {"metadata":{"emulator":{"name":"functions"},"function":{"name":"europe-west1-geocodeAddressHttps"},"extension":{},"message":"Finished \"europe-west1-geocodeAddressHttps\" in 11.46675ms"}}
[debug] [2023-03-29T14:34:24.951Z] [worker-europe-west1-geocodeAddressHttps-9cfc8b76-e658-4229-969d-0db290a44561]: IDLE {"metadata":{"emulator":{"name":"functions"},"function":{"name":"europe-west1-geocodeAddressHttps"},"extension":{},"message":"[worker-europe-west1-geocodeAddressHttps-9cfc8b76-e658-4229-969d-0db290a44561]: IDLE"}}
[debug] [2023-03-29T14:34:24.952Z] [work-queue] {"queuedWork":[],"queueLength":0,"runningWork":[],"workRunningCount":0}
[debug] [2023-03-29T14:34:24.955Z] [work-queue] {"queuedWork":["/eczane-tracker/europe-west1/geocodeAddressHttps-2023-03-29T14:34:24.955Z"],"queueLength":1,"runningWork":[],"workRunningCount":0}
[debug] [2023-03-29T14:34:24.955Z] [work-queue] {"queuedWork":[],"queueLength":0,"runningWork":["/eczane-tracker/europe-west1/geocodeAddressHttps-2023-03-29T14:34:24.955Z"],"workRunningCount":1}
[debug] [2023-03-29T14:34:24.955Z] Accepted request POST /eczane-tracker/europe-west1/geocodeAddressHttps --> europe-west1-geocodeAddressHttps
[debug] [2023-03-29T14:34:24.958Z] [functions] Runtime ready! Sending request! {"metadata":{"emulator":{"name":"functions"},"message":"[functions] Runtime ready! Sending request!"}}
[debug] [2023-03-29T14:34:24.958Z] [functions] Got req.url=/eczane-tracker/europe-west1/geocodeAddressHttps, mapping to path=/ {"metadata":{"emulator":{"name":"functions"},"message":"[functions] Got req.url=/eczane-tracker/europe-west1/geocodeAddressHttps, mapping to path=/"}}
[debug] [2023-03-29T14:34:24.958Z] [worker-pool] submitRequest(triggerId=europe-west1-geocodeAddressHttps) {"metadata":{"emulator":{"name":"functions"},"message":"[worker-pool] submitRequest(triggerId=europe-west1-geocodeAddressHttps)"}}
[info] i  functions: Beginning execution of "europe-west1-geocodeAddressHttps" {"metadata":{"emulator":{"name":"functions"},"function":{"name":"europe-west1-geocodeAddressHttps"},"extension":{},"message":"Beginning execution of \"europe-west1-geocodeAddressHttps\""}}
[debug] [2023-03-29T14:34:24.958Z] [worker-europe-west1-geocodeAddressHttps-9cfc8b76-e658-4229-969d-0db290a44561]: BUSY {"metadata":{"emulator":{"name":"functions"},"function":{"name":"europe-west1-geocodeAddressHttps"},"extension":{},"message":"[worker-europe-west1-geocodeAddressHttps-9cfc8b76-e658-4229-969d-0db290a44561]: BUSY"}}
[info] >  {"verifications":{"app":"MISSING","auth":"MISSING"},"logging.googleapis.com/labels":{"firebase-log-type":"callable-request-verification"},"severity":"DEBUG","message":"Callable request verification passed"} {"user":{"verifications":{"app":"MISSING","auth":"MISSING"},"logging.googleapis.com/labels":{"firebase-log-type":"callable-request-verification"},"severity":"DEBUG","message":"Callable request verification passed"},"metadata":{"emulator":{"name":"functions"},"function":{"name":"europe-west1-geocodeAddressHttps"},"extension":{},"message":"\u001b[90m> \u001b[39m {\"verifications\":{\"app\":\"MISSING\",\"auth\":\"MISSING\"},\"logging.googleapis.com/labels\":{\"firebase-log-type\":\"callable-request-verification\"},\"severity\":\"DEBUG\",\"message\":\"Callable request verification passed\"}"}}
[debug] [2023-03-29T14:34:24.962Z] [runtime-status] [68514] No callable functions auth found {"metadata":{"emulator":{"name":"functions"},"function":{"name":"europe-west1-geocodeAddressHttps"},"extension":{},"message":"[runtime-status] [68514] No callable functions auth found"}}
[info] i  functions: Finished "europe-west1-geocodeAddressHttps" in 237.977875ms {"metadata":{"emulator":{"name":"functions"},"function":{"name":"europe-west1-geocodeAddressHttps"},"extension":{},"message":"Finished \"europe-west1-geocodeAddressHttps\" in 237.977875ms"}}
[debug] [2023-03-29T14:34:25.197Z] [worker-europe-west1-geocodeAddressHttps-9cfc8b76-e658-4229-969d-0db290a44561]: IDLE {"metadata":{"emulator":{"name":"functions"},"function":{"name":"europe-west1-geocodeAddressHttps"},"extension":{},"message":"[worker-europe-west1-geocodeAddressHttps-9cfc8b76-e658-4229-969d-0db290a44561]: IDLE"}}
[debug] [2023-03-29T14:34:25.197Z] [work-queue] {"queuedWork":[],"queueLength":0,"runningWork":[],"workRunningCount":0}
[debug] [2023-03-29T14:34:52.879Z] [work-queue] {"queuedWork":["/eczane-tracker/europe-west1/geocodeAddressHttps-2023-03-29T14:34:52.879Z"],"queueLength":1,"runningWork":[],"workRunningCount":0}
[debug] [2023-03-29T14:34:52.879Z] [work-queue] {"queuedWork":[],"queueLength":0,"runningWork":["/eczane-tracker/europe-west1/geocodeAddressHttps-2023-03-29T14:34:52.879Z"],"workRunningCount":1}
[debug] [2023-03-29T14:34:52.879Z] Accepted request OPTIONS /eczane-tracker/europe-west1/geocodeAddressHttps --> europe-west1-geocodeAddressHttps
[debug] [2023-03-29T14:34:52.890Z] [functions] Runtime ready! Sending request! {"metadata":{"emulator":{"name":"functions"},"message":"[functions] Runtime ready! Sending request!"}}
[debug] [2023-03-29T14:34:52.890Z] [functions] Got req.url=/eczane-tracker/europe-west1/geocodeAddressHttps, mapping to path=/ {"metadata":{"emulator":{"name":"functions"},"message":"[functions] Got req.url=/eczane-tracker/europe-west1/geocodeAddressHttps, mapping to path=/"}}
[debug] [2023-03-29T14:34:52.890Z] [worker-pool] submitRequest(triggerId=europe-west1-geocodeAddressHttps) {"metadata":{"emulator":{"name":"functions"},"message":"[worker-pool] submitRequest(triggerId=europe-west1-geocodeAddressHttps)"}}
[info] i  functions: Beginning execution of "europe-west1-geocodeAddressHttps" {"metadata":{"emulator":{"name":"functions"},"function":{"name":"europe-west1-geocodeAddressHttps"},"extension":{},"message":"Beginning execution of \"europe-west1-geocodeAddressHttps\""}}
[debug] [2023-03-29T14:34:52.891Z] [worker-europe-west1-geocodeAddressHttps-9cfc8b76-e658-4229-969d-0db290a44561]: BUSY {"metadata":{"emulator":{"name":"functions"},"function":{"name":"europe-west1-geocodeAddressHttps"},"extension":{},"message":"[worker-europe-west1-geocodeAddressHttps-9cfc8b76-e658-4229-969d-0db290a44561]: BUSY"}}
[info] i  functions: Finished "europe-west1-geocodeAddressHttps" in 5.932292ms {"metadata":{"emulator":{"name":"functions"},"function":{"name":"europe-west1-geocodeAddressHttps"},"extension":{},"message":"Finished \"europe-west1-geocodeAddressHttps\" in 5.932292ms"}}
[debug] [2023-03-29T14:34:52.897Z] [worker-europe-west1-geocodeAddressHttps-9cfc8b76-e658-4229-969d-0db290a44561]: IDLE {"metadata":{"emulator":{"name":"functions"},"function":{"name":"europe-west1-geocodeAddressHttps"},"extension":{},"message":"[worker-europe-west1-geocodeAddressHttps-9cfc8b76-e658-4229-969d-0db290a44561]: IDLE"}}
[debug] [2023-03-29T14:34:52.898Z] [work-queue] {"queuedWork":[],"queueLength":0,"runningWork":[],"workRunningCount":0}
[debug] [2023-03-29T14:34:52.900Z] [work-queue] {"queuedWork":["/eczane-tracker/europe-west1/geocodeAddressHttps-2023-03-29T14:34:52.900Z"],"queueLength":1,"runningWork":[],"workRunningCount":0}
[debug] [2023-03-29T14:34:52.900Z] [work-queue] {"queuedWork":[],"queueLength":0,"runningWork":["/eczane-tracker/europe-west1/geocodeAddressHttps-2023-03-29T14:34:52.900Z"],"workRunningCount":1}
[debug] [2023-03-29T14:34:52.900Z] Accepted request POST /eczane-tracker/europe-west1/geocodeAddressHttps --> europe-west1-geocodeAddressHttps
[debug] [2023-03-29T14:34:52.903Z] [functions] Runtime ready! Sending request! {"metadata":{"emulator":{"name":"functions"},"message":"[functions] Runtime ready! Sending request!"}}
[debug] [2023-03-29T14:34:52.904Z] [functions] Got req.url=/eczane-tracker/europe-west1/geocodeAddressHttps, mapping to path=/ {"metadata":{"emulator":{"name":"functions"},"message":"[functions] Got req.url=/eczane-tracker/europe-west1/geocodeAddressHttps, mapping to path=/"}}
[debug] [2023-03-29T14:34:52.904Z] [worker-pool] submitRequest(triggerId=europe-west1-geocodeAddressHttps) {"metadata":{"emulator":{"name":"functions"},"message":"[worker-pool] submitRequest(triggerId=europe-west1-geocodeAddressHttps)"}}
[info] i  functions: Beginning execution of "europe-west1-geocodeAddressHttps" {"metadata":{"emulator":{"name":"functions"},"function":{"name":"europe-west1-geocodeAddressHttps"},"extension":{},"message":"Beginning execution of \"europe-west1-geocodeAddressHttps\""}}
[debug] [2023-03-29T14:34:52.904Z] [worker-europe-west1-geocodeAddressHttps-9cfc8b76-e658-4229-969d-0db290a44561]: BUSY {"metadata":{"emulator":{"name":"functions"},"function":{"name":"europe-west1-geocodeAddressHttps"},"extension":{},"message":"[worker-europe-west1-geocodeAddressHttps-9cfc8b76-e658-4229-969d-0db290a44561]: BUSY"}}
[info] >  {"verifications":{"app":"MISSING","auth":"MISSING"},"logging.googleapis.com/labels":{"firebase-log-type":"callable-request-verification"},"severity":"DEBUG","message":"Callable request verification passed"} {"user":{"verifications":{"app":"MISSING","auth":"MISSING"},"logging.googleapis.com/labels":{"firebase-log-type":"callable-request-verification"},"severity":"DEBUG","message":"Callable request verification passed"},"metadata":{"emulator":{"name":"functions"},"function":{"name":"europe-west1-geocodeAddressHttps"},"extension":{},"message":"\u001b[90m> \u001b[39m {\"verifications\":{\"app\":\"MISSING\",\"auth\":\"MISSING\"},\"logging.googleapis.com/labels\":{\"firebase-log-type\":\"callable-request-verification\"},\"severity\":\"DEBUG\",\"message\":\"Callable request verification passed\"}"}}
[debug] [2023-03-29T14:34:52.906Z] [runtime-status] [68514] No callable functions auth found {"metadata":{"emulator":{"name":"functions"},"function":{"name":"europe-west1-geocodeAddressHttps"},"extension":{},"message":"[runtime-status] [68514] No callable functions auth found"}}
[info] i  functions: Finished "europe-west1-geocodeAddressHttps" in 1444.2055ms {"metadata":{"emulator":{"name":"functions"},"function":{"name":"europe-west1-geocodeAddressHttps"},"extension":{},"message":"Finished \"europe-west1-geocodeAddressHttps\" in 1444.2055ms"}}
[debug] [2023-03-29T14:34:54.349Z] [worker-europe-west1-geocodeAddressHttps-9cfc8b76-e658-4229-969d-0db290a44561]: IDLE {"metadata":{"emulator":{"name":"functions"},"function":{"name":"europe-west1-geocodeAddressHttps"},"extension":{},"message":"[worker-europe-west1-geocodeAddressHttps-9cfc8b76-e658-4229-969d-0db290a44561]: IDLE"}}
[debug] [2023-03-29T14:34:54.349Z] [work-queue] {"queuedWork":[],"queueLength":0,"runningWork":[],"workRunningCount":0}
[debug] [2023-03-29T14:35:07.614Z] [work-queue] {"queuedWork":["/eczane-tracker/europe-west1/searchAddressHttps-2023-03-29T14:35:07.613Z"],"queueLength":1,"runningWork":[],"workRunningCount":0}
[debug] [2023-03-29T14:35:07.614Z] [work-queue] {"queuedWork":[],"queueLength":0,"runningWork":["/eczane-tracker/europe-west1/searchAddressHttps-2023-03-29T14:35:07.613Z"],"workRunningCount":1}
[debug] [2023-03-29T14:35:07.614Z] Accepted request OPTIONS /eczane-tracker/europe-west1/searchAddressHttps --> europe-west1-searchAddressHttps
[debug] [2023-03-29T14:35:07.616Z] [functions] Runtime ready! Sending request! {"metadata":{"emulator":{"name":"functions"},"message":"[functions] Runtime ready! Sending request!"}}
[debug] [2023-03-29T14:35:07.616Z] [functions] Got req.url=/eczane-tracker/europe-west1/searchAddressHttps, mapping to path=/ {"metadata":{"emulator":{"name":"functions"},"message":"[functions] Got req.url=/eczane-tracker/europe-west1/searchAddressHttps, mapping to path=/"}}
[debug] [2023-03-29T14:35:07.617Z] [worker-pool] submitRequest(triggerId=europe-west1-searchAddressHttps) {"metadata":{"emulator":{"name":"functions"},"message":"[worker-pool] submitRequest(triggerId=europe-west1-searchAddressHttps)"}}
[info] i  functions: Beginning execution of "europe-west1-searchAddressHttps" {"metadata":{"emulator":{"name":"functions"},"function":{"name":"europe-west1-searchAddressHttps"},"extension":{},"message":"Beginning execution of \"europe-west1-searchAddressHttps\""}}
[debug] [2023-03-29T14:35:07.617Z] [worker-europe-west1-searchAddressHttps-0a022b4d-5ddc-44aa-960c-352072c4e469]: BUSY {"metadata":{"emulator":{"name":"functions"},"function":{"name":"europe-west1-searchAddressHttps"},"extension":{},"message":"[worker-europe-west1-searchAddressHttps-0a022b4d-5ddc-44aa-960c-352072c4e469]: BUSY"}}
[info] i  functions: Finished "europe-west1-searchAddressHttps" in 11.177125ms {"metadata":{"emulator":{"name":"functions"},"function":{"name":"europe-west1-searchAddressHttps"},"extension":{},"message":"Finished \"europe-west1-searchAddressHttps\" in 11.177125ms"}}
[debug] [2023-03-29T14:35:07.628Z] [worker-europe-west1-searchAddressHttps-0a022b4d-5ddc-44aa-960c-352072c4e469]: IDLE {"metadata":{"emulator":{"name":"functions"},"function":{"name":"europe-west1-searchAddressHttps"},"extension":{},"message":"[worker-europe-west1-searchAddressHttps-0a022b4d-5ddc-44aa-960c-352072c4e469]: IDLE"}}
[debug] [2023-03-29T14:35:07.628Z] [work-queue] {"queuedWork":[],"queueLength":0,"runningWork":[],"workRunningCount":0}
[debug] [2023-03-29T14:35:07.630Z] [work-queue] {"queuedWork":["/eczane-tracker/europe-west1/searchAddressHttps-2023-03-29T14:35:07.630Z"],"queueLength":1,"runningWork":[],"workRunningCount":0}
[debug] [2023-03-29T14:35:07.630Z] [work-queue] {"queuedWork":[],"queueLength":0,"runningWork":["/eczane-tracker/europe-west1/searchAddressHttps-2023-03-29T14:35:07.630Z"],"workRunningCount":1}
[debug] [2023-03-29T14:35:07.630Z] Accepted request POST /eczane-tracker/europe-west1/searchAddressHttps --> europe-west1-searchAddressHttps
[debug] [2023-03-29T14:35:07.634Z] [functions] Runtime ready! Sending request! {"metadata":{"emulator":{"name":"functions"},"message":"[functions] Runtime ready! Sending request!"}}
[debug] [2023-03-29T14:35:07.634Z] [functions] Got req.url=/eczane-tracker/europe-west1/searchAddressHttps, mapping to path=/ {"metadata":{"emulator":{"name":"functions"},"message":"[functions] Got req.url=/eczane-tracker/europe-west1/searchAddressHttps, mapping to path=/"}}
[debug] [2023-03-29T14:35:07.634Z] [worker-pool] submitRequest(triggerId=europe-west1-searchAddressHttps) {"metadata":{"emulator":{"name":"functions"},"message":"[worker-pool] submitRequest(triggerId=europe-west1-searchAddressHttps)"}}
[info] i  functions: Beginning execution of "europe-west1-searchAddressHttps" {"metadata":{"emulator":{"name":"functions"},"function":{"name":"europe-west1-searchAddressHttps"},"extension":{},"message":"Beginning execution of \"europe-west1-searchAddressHttps\""}}
[debug] [2023-03-29T14:35:07.635Z] [worker-europe-west1-searchAddressHttps-0a022b4d-5ddc-44aa-960c-352072c4e469]: BUSY {"metadata":{"emulator":{"name":"functions"},"function":{"name":"europe-west1-searchAddressHttps"},"extension":{},"message":"[worker-europe-west1-searchAddressHttps-0a022b4d-5ddc-44aa-960c-352072c4e469]: BUSY"}}
[info] >  {"verifications":{"app":"MISSING","auth":"MISSING"},"logging.googleapis.com/labels":{"firebase-log-type":"callable-request-verification"},"severity":"DEBUG","message":"Callable request verification passed"} {"user":{"verifications":{"app":"MISSING","auth":"MISSING"},"logging.googleapis.com/labels":{"firebase-log-type":"callable-request-verification"},"severity":"DEBUG","message":"Callable request verification passed"},"metadata":{"emulator":{"name":"functions"},"function":{"name":"europe-west1-searchAddressHttps"},"extension":{},"message":"\u001b[90m> \u001b[39m {\"verifications\":{\"app\":\"MISSING\",\"auth\":\"MISSING\"},\"logging.googleapis.com/labels\":{\"firebase-log-type\":\"callable-request-verification\"},\"severity\":\"DEBUG\",\"message\":\"Callable request verification passed\"}"}}
[debug] [2023-03-29T14:35:07.640Z] [runtime-status] [68527] No callable functions auth found {"metadata":{"emulator":{"name":"functions"},"function":{"name":"europe-west1-searchAddressHttps"},"extension":{},"message":"[runtime-status] [68527] No callable functions auth found"}}
[info] i  functions: Finished "europe-west1-searchAddressHttps" in 1219.043417ms {"metadata":{"emulator":{"name":"functions"},"function":{"name":"europe-west1-searchAddressHttps"},"extension":{},"message":"Finished \"europe-west1-searchAddressHttps\" in 1219.043417ms"}}
[debug] [2023-03-29T14:35:08.854Z] [worker-europe-west1-searchAddressHttps-0a022b4d-5ddc-44aa-960c-352072c4e469]: IDLE {"metadata":{"emulator":{"name":"functions"},"function":{"name":"europe-west1-searchAddressHttps"},"extension":{},"message":"[worker-europe-west1-searchAddressHttps-0a022b4d-5ddc-44aa-960c-352072c4e469]: IDLE"}}
[debug] [2023-03-29T14:35:08.855Z] [work-queue] {"queuedWork":[],"queueLength":0,"runningWork":[],"workRunningCount":0}
[debug] [2023-03-29T14:35:12.589Z] [work-queue] {"queuedWork":["/eczane-tracker/europe-west1/searchAddressHttps-2023-03-29T14:35:12.589Z"],"queueLength":1,"runningWork":[],"workRunningCount":0}
[debug] [2023-03-29T14:35:12.590Z] [work-queue] {"queuedWork":[],"queueLength":0,"runningWork":["/eczane-tracker/europe-west1/searchAddressHttps-2023-03-29T14:35:12.589Z"],"workRunningCount":1}
[debug] [2023-03-29T14:35:12.590Z] Accepted request POST /eczane-tracker/europe-west1/searchAddressHttps --> europe-west1-searchAddressHttps
[debug] [2023-03-29T14:35:12.592Z] [functions] Runtime ready! Sending request! {"metadata":{"emulator":{"name":"functions"},"message":"[functions] Runtime ready! Sending request!"}}
[debug] [2023-03-29T14:35:12.592Z] [functions] Got req.url=/eczane-tracker/europe-west1/searchAddressHttps, mapping to path=/ {"metadata":{"emulator":{"name":"functions"},"message":"[functions] Got req.url=/eczane-tracker/europe-west1/searchAddressHttps, mapping to path=/"}}
[debug] [2023-03-29T14:35:12.592Z] [worker-pool] submitRequest(triggerId=europe-west1-searchAddressHttps) {"metadata":{"emulator":{"name":"functions"},"message":"[worker-pool] submitRequest(triggerId=europe-west1-searchAddressHttps)"}}
[info] i  functions: Beginning execution of "europe-west1-searchAddressHttps" {"metadata":{"emulator":{"name":"functions"},"function":{"name":"europe-west1-searchAddressHttps"},"extension":{},"message":"Beginning execution of \"europe-west1-searchAddressHttps\""}}
[debug] [2023-03-29T14:35:12.593Z] [worker-europe-west1-searchAddressHttps-0a022b4d-5ddc-44aa-960c-352072c4e469]: BUSY {"metadata":{"emulator":{"name":"functions"},"function":{"name":"europe-west1-searchAddressHttps"},"extension":{},"message":"[worker-europe-west1-searchAddressHttps-0a022b4d-5ddc-44aa-960c-352072c4e469]: BUSY"}}
[info] >  {"verifications":{"app":"MISSING","auth":"MISSING"},"logging.googleapis.com/labels":{"firebase-log-type":"callable-request-verification"},"severity":"DEBUG","message":"Callable request verification passed"} {"user":{"verifications":{"app":"MISSING","auth":"MISSING"},"logging.googleapis.com/labels":{"firebase-log-type":"callable-request-verification"},"severity":"DEBUG","message":"Callable request verification passed"},"metadata":{"emulator":{"name":"functions"},"function":{"name":"europe-west1-searchAddressHttps"},"extension":{},"message":"\u001b[90m> \u001b[39m {\"verifications\":{\"app\":\"MISSING\",\"auth\":\"MISSING\"},\"logging.googleapis.com/labels\":{\"firebase-log-type\":\"callable-request-verification\"},\"severity\":\"DEBUG\",\"message\":\"Callable request verification passed\"}"}}
[debug] [2023-03-29T14:35:12.598Z] [runtime-status] [68527] No callable functions auth found {"metadata":{"emulator":{"name":"functions"},"function":{"name":"europe-west1-searchAddressHttps"},"extension":{},"message":"[runtime-status] [68527] No callable functions auth found"}}
[info] i  functions: Finished "europe-west1-searchAddressHttps" in 1200.956958ms {"metadata":{"emulator":{"name":"functions"},"function":{"name":"europe-west1-searchAddressHttps"},"extension":{},"message":"Finished \"europe-west1-searchAddressHttps\" in 1200.956958ms"}}
[debug] [2023-03-29T14:35:13.794Z] [worker-europe-west1-searchAddressHttps-0a022b4d-5ddc-44aa-960c-352072c4e469]: IDLE {"metadata":{"emulator":{"name":"functions"},"function":{"name":"europe-west1-searchAddressHttps"},"extension":{},"message":"[worker-europe-west1-searchAddressHttps-0a022b4d-5ddc-44aa-960c-352072c4e469]: IDLE"}}
[debug] [2023-03-29T14:35:13.794Z] [work-queue] {"queuedWork":[],"queueLength":0,"runningWork":[],"workRunningCount":0}
